<?xml version="1.0" encoding="UTF-8"?>
<!-- Generated by org.testng.reporters.JUnitReportReporter -->
<testsuite hostname="Meenakshis-MacBook-Pro.local" failures="0" tests="1" name="com.testcases.ConfirmpageTest3" time="0.162" errors="0" timestamp="2023-05-22T23:03:39 CDT" skipped="0">
  <testcase classname="com.testcases.ConfirmpageTest3" name="Screenshot" time="0.162"/>
  <system-out/>
</testsuite> <!-- com.testcases.ConfirmpageTest3 -->
