<?xml version="1.0" encoding="UTF-8"?>
<!-- Generated by org.testng.reporters.JUnitReportReporter -->
<testsuite hostname="Meenakshis-MacBook-Pro.local" failures="0" tests="1" name="com.testcases.HomepageTest4" time="3.859" errors="0" timestamp="2023-05-13T17:21:10 CDT" skipped="0">
  <testcase classname="com.testcases.HomepageTest4" name="sendText" time="3.859"/>
  <system-out/>
</testsuite> <!-- com.testcases.HomepageTest4 -->
