<?xml version="1.0" encoding="UTF-8"?>
<!-- Generated by org.testng.reporters.JUnitReportReporter -->
<testsuite hostname="Meenakshis-MacBook-Pro.local" failures="0" tests="1" name="com.testcases.Homepagetest2" time="0.005" errors="0" timestamp="2023-05-08T23:11:57 CDT" skipped="0">
  <testcase classname="com.testcases.Homepagetest2" name="setup" time="0.005"/>
  <system-out/>
</testsuite> <!-- com.testcases.Homepagetest2 -->
