<?xml version="1.0" encoding="UTF-8"?>
<!-- Generated by org.testng.reporters.JUnitReportReporter -->
<testsuite hostname="Meenakshis-MacBook-Pro.local" failures="0" tests="1" name="com.testcases.ConfirmpageTest3" time="34.009" errors="0" timestamp="2023-05-16T22:08:14 CDT" skipped="0">
  <testcase classname="com.testcases.ConfirmpageTest3" name="Screenshot" time="34.009"/>
  <system-out/>
</testsuite> <!-- com.testcases.ConfirmpageTest3 -->
