<?xml version="1.0" encoding="UTF-8"?>
<!-- Generated by org.testng.reporters.JUnitReportReporter -->
<testsuite hostname="Meenakshis-MacBook-Pro.local" failures="0" tests="1" name="com.testcases.HomepageTest4" time="6.164" errors="0" timestamp="2023-05-19T21:01:23 CDT" skipped="0">
  <testcase classname="com.testcases.HomepageTest4" name="sendText_details" time="6.164"/>
  <system-out/>
</testsuite> <!-- com.testcases.HomepageTest4 -->
