<?xml version="1.0" encoding="UTF-8"?>
<!-- Generated by org.testng.reporters.JUnitReportReporter -->
<testsuite hostname="Meenakshis-MacBook-Pro.local" failures="0" tests="1" name="com.testcases.Welcomepagetest2" time="0.536" errors="0" timestamp="2023-05-22T23:03:39 CDT" skipped="0">
  <testcase classname="com.testcases.Welcomepagetest2" name="enterdeparture" time="0.536"/>
  <system-out/>
</testsuite> <!-- com.testcases.Welcomepagetest2 -->
